{"/Users/RJ/Dropbox/IdeaProjects/granthapi-tdd/lib/Configurer.js":{"path":"/Users/RJ/Dropbox/IdeaProjects/granthapi-tdd/lib/Configurer.js","s":{"1":1,"2":1,"3":7,"4":1,"5":58,"6":58,"7":8,"8":58,"9":58,"10":22,"11":58,"12":7,"13":27,"14":27,"15":27,"16":25,"17":24,"18":24,"19":24,"20":8,"21":8,"22":8},"b":{"1":[8,50],"2":[58,8],"3":[22,36],"4":[27,27],"5":[27,27],"6":[27,27],"7":[27,27],"8":[27,27],"9":[27,26],"10":[24,1],"11":[24,1],"12":[24,17],"13":[24,17],"14":[24,9],"15":[24,24],"16":[8,1],"17":[8,1],"18":[8,7],"19":[8,7],"20":[8,1],"21":[8,8]},"f":{"1":7,"2":58,"3":27,"4":25,"5":8},"fnMap":{"1":{"name":"Configurer","line":7,"loc":{"start":{"line":7,"column":17},"end":{"line":7,"column":39}}},"2":{"name":"createMongoDbUrl","line":16,"loc":{"start":{"line":16,"column":4},"end":{"line":16,"column":42}}},"3":{"name":"(anonymous_3)","line":28,"loc":{"start":{"line":28,"column":22},"end":{"line":28,"column":34}}},"4":{"name":"(anonymous_4)","line":40,"loc":{"start":{"line":40,"column":35},"end":{"line":40,"column":55}}},"5":{"name":"(anonymous_5)","line":53,"loc":{"start":{"line":53,"column":26},"end":{"line":53,"column":42}}}},"statementMap":{"1":{"start":{"line":1,"column":0},"end":{"line":1,"column":23}},"2":{"start":{"line":7,"column":0},"end":{"line":65,"column":2}},"3":{"start":{"line":8,"column":4},"end":{"line":14,"column":6}},"4":{"start":{"line":16,"column":4},"end":{"line":25,"column":5}},"5":{"start":{"line":17,"column":8},"end":{"line":17,"column":38}},"6":{"start":{"line":18,"column":8},"end":{"line":20,"column":9}},"7":{"start":{"line":19,"column":12},"end":{"line":19,"column":94}},"8":{"start":{"line":21,"column":8},"end":{"line":21,"column":82}},"9":{"start":{"line":22,"column":8},"end":{"line":22,"column":81}},"10":{"start":{"line":22,"column":40},"end":{"line":22,"column":81}},"11":{"start":{"line":24,"column":8},"end":{"line":24,"column":26}},"12":{"start":{"line":27,"column":4},"end":{"line":64,"column":6}},"13":{"start":{"line":29,"column":12},"end":{"line":35,"column":14}},"14":{"start":{"line":36,"column":12},"end":{"line":36,"column":105}},"15":{"start":{"line":37,"column":12},"end":{"line":37,"column":30}},"16":{"start":{"line":41,"column":12},"end":{"line":41,"column":86}},"17":{"start":{"line":42,"column":12},"end":{"line":48,"column":14}},"18":{"start":{"line":49,"column":12},"end":{"line":49,"column":88}},"19":{"start":{"line":50,"column":12},"end":{"line":50,"column":30}},"20":{"start":{"line":54,"column":12},"end":{"line":60,"column":14}},"21":{"start":{"line":61,"column":12},"end":{"line":61,"column":84}},"22":{"start":{"line":62,"column":12},"end":{"line":62,"column":30}}},"branchMap":{"1":{"line":18,"type":"if","locations":[{"start":{"line":18,"column":8},"end":{"line":18,"column":8}},{"start":{"line":18,"column":8},"end":{"line":18,"column":8}}]},"2":{"line":18,"type":"binary-expr","locations":[{"start":{"line":18,"column":12},"end":{"line":18,"column":38}},{"start":{"line":18,"column":42},"end":{"line":18,"column":68}}]},"3":{"line":22,"type":"if","locations":[{"start":{"line":22,"column":8},"end":{"line":22,"column":8}},{"start":{"line":22,"column":8},"end":{"line":22,"column":8}}]},"4":{"line":30,"type":"binary-expr","locations":[{"start":{"line":30,"column":29},"end":{"line":30,"column":66}},{"start":{"line":30,"column":70},"end":{"line":30,"column":110}}]},"5":{"line":31,"type":"binary-expr","locations":[{"start":{"line":31,"column":29},"end":{"line":31,"column":66}},{"start":{"line":31,"column":70},"end":{"line":31,"column":110}}]},"6":{"line":32,"type":"binary-expr","locations":[{"start":{"line":32,"column":33},"end":{"line":32,"column":74}},{"start":{"line":32,"column":78},"end":{"line":32,"column":122}}]},"7":{"line":33,"type":"binary-expr","locations":[{"start":{"line":33,"column":33},"end":{"line":33,"column":74}},{"start":{"line":33,"column":78},"end":{"line":33,"column":122}}]},"8":{"line":34,"type":"binary-expr","locations":[{"start":{"line":34,"column":33},"end":{"line":34,"column":74}},{"start":{"line":34,"column":78},"end":{"line":34,"column":122}}]},"9":{"line":36,"type":"binary-expr","locations":[{"start":{"line":36,"column":36},"end":{"line":36,"column":72}},{"start":{"line":36,"column":76},"end":{"line":36,"column":104}}]},"10":{"line":43,"type":"binary-expr","locations":[{"start":{"line":43,"column":29},"end":{"line":43,"column":49}},{"start":{"line":43,"column":53},"end":{"line":43,"column":55}}]},"11":{"line":44,"type":"binary-expr","locations":[{"start":{"line":44,"column":29},"end":{"line":44,"column":49}},{"start":{"line":44,"column":53},"end":{"line":44,"column":55}}]},"12":{"line":45,"type":"binary-expr","locations":[{"start":{"line":45,"column":33},"end":{"line":45,"column":57}},{"start":{"line":45,"column":61},"end":{"line":45,"column":63}}]},"13":{"line":46,"type":"binary-expr","locations":[{"start":{"line":46,"column":33},"end":{"line":46,"column":57}},{"start":{"line":46,"column":61},"end":{"line":46,"column":63}}]},"14":{"line":47,"type":"binary-expr","locations":[{"start":{"line":47,"column":33},"end":{"line":47,"column":57}},{"start":{"line":47,"column":61},"end":{"line":47,"column":63}}]},"15":{"line":49,"type":"binary-expr","locations":[{"start":{"line":49,"column":36},"end":{"line":49,"column":55}},{"start":{"line":49,"column":59},"end":{"line":49,"column":87}}]},"16":{"line":55,"type":"binary-expr","locations":[{"start":{"line":55,"column":29},"end":{"line":55,"column":45}},{"start":{"line":55,"column":49},"end":{"line":55,"column":51}}]},"17":{"line":56,"type":"binary-expr","locations":[{"start":{"line":56,"column":29},"end":{"line":56,"column":45}},{"start":{"line":56,"column":49},"end":{"line":56,"column":51}}]},"18":{"line":57,"type":"binary-expr","locations":[{"start":{"line":57,"column":33},"end":{"line":57,"column":53}},{"start":{"line":57,"column":57},"end":{"line":57,"column":59}}]},"19":{"line":58,"type":"binary-expr","locations":[{"start":{"line":58,"column":33},"end":{"line":58,"column":53}},{"start":{"line":58,"column":57},"end":{"line":58,"column":59}}]},"20":{"line":59,"type":"binary-expr","locations":[{"start":{"line":59,"column":33},"end":{"line":59,"column":53}},{"start":{"line":59,"column":57},"end":{"line":59,"column":59}}]},"21":{"line":61,"type":"binary-expr","locations":[{"start":{"line":61,"column":36},"end":{"line":61,"column":51}},{"start":{"line":61,"column":55},"end":{"line":61,"column":83}}]}}},"/Users/RJ/Dropbox/IdeaProjects/granthapi-tdd/app.js":{"path":"/Users/RJ/Dropbox/IdeaProjects/granthapi-tdd/app.js","s":{"1":1,"2":1,"3":1,"4":1,"5":1,"6":1,"7":1,"8":1,"9":1,"10":1,"11":1,"12":1,"13":1,"14":1,"15":1,"16":1,"17":1,"18":1,"19":1,"20":1,"21":1,"22":1,"23":11,"24":11,"25":11,"26":1,"27":1,"28":1,"29":0,"30":0,"31":1,"32":11,"33":11,"34":1,"35":0,"36":0,"37":1,"38":0,"39":0,"40":1},"b":{"1":[1,0],"2":[1,1],"3":[0,0],"4":[11,0],"5":[0,0],"6":[0,0]},"f":{"1":11,"2":0,"3":11,"4":0,"5":0},"fnMap":{"1":{"name":"(anonymous_1)","line":44,"loc":{"start":{"line":44,"column":8},"end":{"line":44,"column":34}}},"2":{"name":"(anonymous_2)","line":59,"loc":{"start":{"line":59,"column":20},"end":{"line":59,"column":51}}},"3":{"name":"(anonymous_3)","line":66,"loc":{"start":{"line":66,"column":12},"end":{"line":66,"column":43}}},"4":{"name":"(anonymous_4)","line":78,"loc":{"start":{"line":78,"column":16},"end":{"line":78,"column":47}}},"5":{"name":"(anonymous_5)","line":86,"loc":{"start":{"line":86,"column":8},"end":{"line":86,"column":39}}}},"statementMap":{"1":{"start":{"line":7,"column":0},"end":{"line":7,"column":33}},"2":{"start":{"line":8,"column":0},"end":{"line":8,"column":27}},"3":{"start":{"line":10,"column":0},"end":{"line":10,"column":37}},"4":{"start":{"line":11,"column":0},"end":{"line":11,"column":48}},"5":{"start":{"line":12,"column":0},"end":{"line":12,"column":44}},"6":{"start":{"line":13,"column":0},"end":{"line":13,"column":40}},"7":{"start":{"line":15,"column":0},"end":{"line":15,"column":46}},"8":{"start":{"line":16,"column":0},"end":{"line":16,"column":38}},"9":{"start":{"line":17,"column":0},"end":{"line":17,"column":44}},"10":{"start":{"line":19,"column":0},"end":{"line":19,"column":20}},"11":{"start":{"line":22,"column":0},"end":{"line":22,"column":48}},"12":{"start":{"line":23,"column":0},"end":{"line":23,"column":31}},"13":{"start":{"line":27,"column":0},"end":{"line":31,"column":4}},"14":{"start":{"line":33,"column":0},"end":{"line":33,"column":27}},"15":{"start":{"line":34,"column":0},"end":{"line":34,"column":50}},"16":{"start":{"line":35,"column":0},"end":{"line":35,"column":24}},"17":{"start":{"line":36,"column":0},"end":{"line":36,"column":64}},"18":{"start":{"line":37,"column":0},"end":{"line":37,"column":74}},"19":{"start":{"line":39,"column":0},"end":{"line":39,"column":65}},"20":{"start":{"line":40,"column":0},"end":{"line":40,"column":45}},"21":{"start":{"line":41,"column":0},"end":{"line":41,"column":33}},"22":{"start":{"line":44,"column":0},"end":{"line":48,"column":3}},"23":{"start":{"line":45,"column":4},"end":{"line":45,"column":37}},"24":{"start":{"line":46,"column":4},"end":{"line":46,"column":21}},"25":{"start":{"line":47,"column":4},"end":{"line":47,"column":14}},"26":{"start":{"line":50,"column":0},"end":{"line":52,"column":4}},"27":{"start":{"line":58,"column":0},"end":{"line":74,"column":1}},"28":{"start":{"line":59,"column":4},"end":{"line":65,"column":7}},"29":{"start":{"line":60,"column":8},"end":{"line":60,"column":38}},"30":{"start":{"line":61,"column":8},"end":{"line":64,"column":11}},"31":{"start":{"line":66,"column":4},"end":{"line":73,"column":7}},"32":{"start":{"line":67,"column":8},"end":{"line":67,"column":38}},"33":{"start":{"line":68,"column":8},"end":{"line":72,"column":11}},"34":{"start":{"line":78,"column":0},"end":{"line":84,"column":3}},"35":{"start":{"line":79,"column":4},"end":{"line":79,"column":34}},"36":{"start":{"line":80,"column":4},"end":{"line":83,"column":7}},"37":{"start":{"line":86,"column":0},"end":{"line":92,"column":3}},"38":{"start":{"line":87,"column":4},"end":{"line":87,"column":34}},"39":{"start":{"line":88,"column":4},"end":{"line":91,"column":7}},"40":{"start":{"line":94,"column":0},"end":{"line":94,"column":21}}},"branchMap":{"1":{"line":58,"type":"if","locations":[{"start":{"line":58,"column":0},"end":{"line":58,"column":0}},{"start":{"line":58,"column":0},"end":{"line":58,"column":0},"skip":true}]},"2":{"line":58,"type":"binary-expr","locations":[{"start":{"line":58,"column":4},"end":{"line":58,"column":36}},{"start":{"line":58,"column":40},"end":{"line":58,"column":66}}]},"3":{"line":60,"type":"binary-expr","locations":[{"start":{"line":60,"column":19},"end":{"line":60,"column":29}},{"start":{"line":60,"column":33},"end":{"line":60,"column":36}}]},"4":{"line":67,"type":"binary-expr","locations":[{"start":{"line":67,"column":19},"end":{"line":67,"column":29}},{"start":{"line":67,"column":33},"end":{"line":67,"column":36}}]},"5":{"line":79,"type":"binary-expr","locations":[{"start":{"line":79,"column":15},"end":{"line":79,"column":25}},{"start":{"line":79,"column":29},"end":{"line":79,"column":32}}]},"6":{"line":87,"type":"binary-expr","locations":[{"start":{"line":87,"column":15},"end":{"line":87,"column":25}},{"start":{"line":87,"column":29},"end":{"line":87,"column":32}}]}}},"/Users/RJ/Dropbox/IdeaProjects/granthapi-tdd/lib/log.js":{"path":"/Users/RJ/Dropbox/IdeaProjects/granthapi-tdd/lib/log.js","s":{"1":1,"2":1,"3":1,"4":0,"5":0,"6":1},"b":{"1":[0,1],"2":[1,1]},"f":{},"fnMap":{},"statementMap":{"1":{"start":{"line":7,"column":0},"end":{"line":7,"column":32}},"2":{"start":{"line":8,"column":0},"end":{"line":13,"column":3}},"3":{"start":{"line":14,"column":0},"end":{"line":17,"column":1}},"4":{"start":{"line":15,"column":4},"end":{"line":15,"column":43}},"5":{"start":{"line":16,"column":4},"end":{"line":16,"column":45}},"6":{"start":{"line":18,"column":0},"end":{"line":18,"column":24}}},"branchMap":{"1":{"line":14,"type":"if","locations":[{"start":{"line":14,"column":0},"end":{"line":14,"column":0}},{"start":{"line":14,"column":0},"end":{"line":14,"column":0}}]},"2":{"line":14,"type":"binary-expr","locations":[{"start":{"line":14,"column":3},"end":{"line":14,"column":40}},{"start":{"line":14,"column":44},"end":{"line":14,"column":75}}]}}},"/Users/RJ/Dropbox/IdeaProjects/granthapi-tdd/routes/religions.js":{"path":"/Users/RJ/Dropbox/IdeaProjects/granthapi-tdd/routes/religions.js","s":{"1":1,"2":1,"3":1,"4":1,"5":1,"6":3,"7":3,"8":3,"9":3,"10":0,"11":3,"12":5,"13":3,"14":1,"15":2,"16":2,"17":2,"18":0,"19":2,"20":1,"21":1,"22":1,"23":2,"24":2,"25":2,"26":0,"27":2,"28":1,"29":1,"30":1},"b":{"1":[1,0],"2":[0,3],"3":[0,2],"4":[1,1],"5":[0,2],"6":[1,1]},"f":{"1":3,"2":3,"3":5,"4":2,"5":2,"6":2,"7":2},"fnMap":{"1":{"name":"(anonymous_1)","line":13,"loc":{"start":{"line":13,"column":16},"end":{"line":13,"column":42}}},"2":{"name":"(anonymous_2)","line":21,"loc":{"start":{"line":21,"column":24},"end":{"line":21,"column":47}}},"3":{"name":"(anonymous_3)","line":24,"loc":{"start":{"line":24,"column":23},"end":{"line":24,"column":43}}},"4":{"name":"(anonymous_4)","line":32,"loc":{"start":{"line":32,"column":25},"end":{"line":32,"column":51}}},"5":{"name":"(anonymous_5)","line":42,"loc":{"start":{"line":42,"column":22},"end":{"line":42,"column":45}}},"6":{"name":"(anonymous_6)","line":52,"loc":{"start":{"line":52,"column":28},"end":{"line":52,"column":54}}},"7":{"name":"(anonymous_7)","line":59,"loc":{"start":{"line":59,"column":22},"end":{"line":59,"column":45}}}},"statementMap":{"1":{"start":{"line":7,"column":0},"end":{"line":7,"column":33}},"2":{"start":{"line":8,"column":0},"end":{"line":8,"column":30}},"3":{"start":{"line":9,"column":0},"end":{"line":9,"column":35}},"4":{"start":{"line":10,"column":0},"end":{"line":10,"column":140}},"5":{"start":{"line":13,"column":0},"end":{"line":29,"column":3}},"6":{"start":{"line":14,"column":4},"end":{"line":17,"column":6}},"7":{"start":{"line":18,"column":4},"end":{"line":20,"column":6}},"8":{"start":{"line":21,"column":4},"end":{"line":28,"column":7}},"9":{"start":{"line":23,"column":8},"end":{"line":23,"column":34}},"10":{"start":{"line":23,"column":17},"end":{"line":23,"column":34},"skip":true},"11":{"start":{"line":24,"column":8},"end":{"line":26,"column":11}},"12":{"start":{"line":25,"column":12},"end":{"line":25,"column":56}},"13":{"start":{"line":27,"column":8},"end":{"line":27,"column":27}},"14":{"start":{"line":32,"column":0},"end":{"line":49,"column":3}},"15":{"start":{"line":33,"column":4},"end":{"line":41,"column":6}},"16":{"start":{"line":42,"column":4},"end":{"line":48,"column":7}},"17":{"start":{"line":44,"column":8},"end":{"line":44,"column":34}},"18":{"start":{"line":44,"column":17},"end":{"line":44,"column":34},"skip":true},"19":{"start":{"line":46,"column":8},"end":{"line":46,"column":54}},"20":{"start":{"line":46,"column":40},"end":{"line":46,"column":54},"skip":true},"21":{"start":{"line":47,"column":8},"end":{"line":47,"column":30}},"22":{"start":{"line":52,"column":0},"end":{"line":66,"column":3}},"23":{"start":{"line":53,"column":4},"end":{"line":58,"column":6}},"24":{"start":{"line":59,"column":4},"end":{"line":65,"column":7}},"25":{"start":{"line":61,"column":8},"end":{"line":61,"column":34}},"26":{"start":{"line":61,"column":17},"end":{"line":61,"column":34},"skip":true},"27":{"start":{"line":63,"column":8},"end":{"line":63,"column":53}},"28":{"start":{"line":63,"column":39},"end":{"line":63,"column":53},"skip":true},"29":{"start":{"line":64,"column":8},"end":{"line":64,"column":30}},"30":{"start":{"line":67,"column":0},"end":{"line":67,"column":24}}},"branchMap":{"1":{"line":10,"type":"binary-expr","locations":[{"start":{"line":10,"column":50},"end":{"line":10,"column":70}},{"start":{"line":10,"column":128},"end":{"line":10,"column":138},"skip":true}]},"2":{"line":23,"type":"if","locations":[{"start":{"line":23,"column":8},"end":{"line":23,"column":8},"skip":true},{"start":{"line":23,"column":8},"end":{"line":23,"column":8}}]},"3":{"line":44,"type":"if","locations":[{"start":{"line":44,"column":8},"end":{"line":44,"column":8},"skip":true},{"start":{"line":44,"column":8},"end":{"line":44,"column":8}}]},"4":{"line":46,"type":"if","locations":[{"start":{"line":46,"column":8},"end":{"line":46,"column":8},"skip":true},{"start":{"line":46,"column":8},"end":{"line":46,"column":8}}]},"5":{"line":61,"type":"if","locations":[{"start":{"line":61,"column":8},"end":{"line":61,"column":8},"skip":true},{"start":{"line":61,"column":8},"end":{"line":61,"column":8}}]},"6":{"line":63,"type":"if","locations":[{"start":{"line":63,"column":8},"end":{"line":63,"column":8},"skip":true},{"start":{"line":63,"column":8},"end":{"line":63,"column":8}}]}}},"/Users/RJ/Dropbox/IdeaProjects/granthapi-tdd/lib/Db.js":{"path":"/Users/RJ/Dropbox/IdeaProjects/granthapi-tdd/lib/Db.js","s":{"1":1,"2":1,"3":1,"4":1,"5":24,"6":24,"7":24,"8":24,"9":21,"10":3,"11":3,"12":24,"13":1,"14":74,"15":74,"16":6,"17":68,"18":68,"19":24,"20":7,"21":7,"22":2,"23":1,"24":2,"25":5,"26":5,"27":5,"28":37,"29":37,"30":2,"31":1,"32":2,"33":35,"34":35,"35":35,"36":6,"37":6,"38":2,"39":1,"40":2,"41":4,"42":4,"43":0,"44":0,"45":4,"46":4,"47":4,"48":7,"49":7,"50":2,"51":1,"52":2,"53":5,"54":5,"55":5,"56":11,"57":11,"58":2,"59":1,"60":2,"61":9,"62":9,"63":9,"64":6,"65":6,"66":2,"67":1,"68":2,"69":4,"70":4,"71":4},"b":{"1":[24,0],"2":[21,3],"3":[3,0],"4":[6,68],"5":[2,5],"6":[1,1],"7":[2,35],"8":[1,1],"9":[2,4],"10":[1,1],"11":[0,4],"12":[2,5],"13":[1,1],"14":[2,9],"15":[1,1],"16":[2,4],"17":[1,1]},"f":{"1":24,"2":74,"3":74,"4":68,"5":7,"6":7,"7":5,"8":37,"9":37,"10":35,"11":6,"12":6,"13":4,"14":4,"15":7,"16":7,"17":5,"18":11,"19":11,"20":9,"21":6,"22":6,"23":4},"fnMap":{"1":{"name":"Db","line":11,"loc":{"start":{"line":11,"column":17},"end":{"line":11,"column":45}}},"2":{"name":"connectMongo","line":26,"loc":{"start":{"line":26,"column":4},"end":{"line":26,"column":44}}},"3":{"name":"(anonymous_3)","line":27,"loc":{"start":{"line":27,"column":54},"end":{"line":27,"column":73}}},"4":{"name":"(anonymous_4)","line":30,"loc":{"start":{"line":30,"column":67},"end":{"line":30,"column":94}}},"5":{"name":"(anonymous_5)","line":38,"loc":{"start":{"line":38,"column":18},"end":{"line":38,"column":46}}},"6":{"name":"(anonymous_6)","line":39,"loc":{"start":{"line":39,"column":33},"end":{"line":39,"column":64}}},"7":{"name":"(anonymous_7)","line":44,"loc":{"start":{"line":44,"column":50},"end":{"line":44,"column":73}}},"8":{"name":"(anonymous_8)","line":51,"loc":{"start":{"line":51,"column":14},"end":{"line":51,"column":42}}},"9":{"name":"(anonymous_9)","line":52,"loc":{"start":{"line":52,"column":33},"end":{"line":52,"column":64}}},"10":{"name":"(anonymous_10)","line":57,"loc":{"start":{"line":57,"column":54},"end":{"line":57,"column":75}}},"11":{"name":"(anonymous_11)","line":64,"loc":{"start":{"line":64,"column":17},"end":{"line":64,"column":45}}},"12":{"name":"(anonymous_12)","line":65,"loc":{"start":{"line":65,"column":33},"end":{"line":65,"column":64}}},"13":{"name":"(anonymous_13)","line":70,"loc":{"start":{"line":70,"column":46},"end":{"line":70,"column":67}}},"14":{"name":"(anonymous_14)","line":76,"loc":{"start":{"line":76,"column":59},"end":{"line":76,"column":80}}},"15":{"name":"(anonymous_15)","line":84,"loc":{"start":{"line":84,"column":16},"end":{"line":84,"column":44}}},"16":{"name":"(anonymous_16)","line":85,"loc":{"start":{"line":85,"column":33},"end":{"line":85,"column":64}}},"17":{"name":"(anonymous_17)","line":90,"loc":{"start":{"line":90,"column":52},"end":{"line":90,"column":75}}},"18":{"name":"(anonymous_18)","line":97,"loc":{"start":{"line":97,"column":16},"end":{"line":97,"column":44}}},"19":{"name":"(anonymous_19)","line":98,"loc":{"start":{"line":98,"column":33},"end":{"line":98,"column":64}}},"20":{"name":"(anonymous_20)","line":103,"loc":{"start":{"line":103,"column":77},"end":{"line":103,"column":100}}},"21":{"name":"(anonymous_21)","line":110,"loc":{"start":{"line":110,"column":16},"end":{"line":110,"column":44}}},"22":{"name":"(anonymous_22)","line":111,"loc":{"start":{"line":111,"column":33},"end":{"line":111,"column":64}}},"23":{"name":"(anonymous_23)","line":116,"loc":{"start":{"line":116,"column":53},"end":{"line":116,"column":76}}}},"statementMap":{"1":{"start":{"line":7,"column":0},"end":{"line":7,"column":46}},"2":{"start":{"line":8,"column":0},"end":{"line":8,"column":49}},"3":{"start":{"line":9,"column":0},"end":{"line":9,"column":68}},"4":{"start":{"line":11,"column":0},"end":{"line":123,"column":2}},"5":{"start":{"line":12,"column":4},"end":{"line":12,"column":28}},"6":{"start":{"line":13,"column":4},"end":{"line":13,"column":50}},"7":{"start":{"line":16,"column":4},"end":{"line":24,"column":5}},"8":{"start":{"line":17,"column":8},"end":{"line":21,"column":9}},"9":{"start":{"line":18,"column":12},"end":{"line":18,"column":81}},"10":{"start":{"line":19,"column":68},"end":{"line":21,"column":9}},"11":{"start":{"line":20,"column":12},"end":{"line":20,"column":64}},"12":{"start":{"line":23,"column":8},"end":{"line":23,"column":35}},"13":{"start":{"line":26,"column":4},"end":{"line":35,"column":5}},"14":{"start":{"line":27,"column":8},"end":{"line":34,"column":11}},"15":{"start":{"line":28,"column":12},"end":{"line":33,"column":13}},"16":{"start":{"line":28,"column":21},"end":{"line":28,"column":42}},"17":{"start":{"line":30,"column":16},"end":{"line":32,"column":19}},"18":{"start":{"line":31,"column":20},"end":{"line":31,"column":50}},"19":{"start":{"line":37,"column":4},"end":{"line":122,"column":6}},"20":{"start":{"line":39,"column":12},"end":{"line":48,"column":15}},"21":{"start":{"line":40,"column":16},"end":{"line":43,"column":17}},"22":{"start":{"line":41,"column":20},"end":{"line":41,"column":38}},"23":{"start":{"line":41,"column":27},"end":{"line":41,"column":38}},"24":{"start":{"line":42,"column":20},"end":{"line":42,"column":41}},"25":{"start":{"line":44,"column":16},"end":{"line":47,"column":19}},"26":{"start":{"line":45,"column":20},"end":{"line":45,"column":31}},"27":{"start":{"line":46,"column":20},"end":{"line":46,"column":42}},"28":{"start":{"line":52,"column":12},"end":{"line":61,"column":15}},"29":{"start":{"line":53,"column":16},"end":{"line":56,"column":17}},"30":{"start":{"line":54,"column":20},"end":{"line":54,"column":38}},"31":{"start":{"line":54,"column":27},"end":{"line":54,"column":38}},"32":{"start":{"line":55,"column":20},"end":{"line":55,"column":41}},"33":{"start":{"line":57,"column":16},"end":{"line":60,"column":19}},"34":{"start":{"line":58,"column":20},"end":{"line":58,"column":31}},"35":{"start":{"line":59,"column":20},"end":{"line":59,"column":40}},"36":{"start":{"line":65,"column":12},"end":{"line":81,"column":15}},"37":{"start":{"line":66,"column":16},"end":{"line":69,"column":17}},"38":{"start":{"line":67,"column":20},"end":{"line":67,"column":38}},"39":{"start":{"line":67,"column":27},"end":{"line":67,"column":38}},"40":{"start":{"line":68,"column":20},"end":{"line":68,"column":41}},"41":{"start":{"line":70,"column":16},"end":{"line":80,"column":19}},"42":{"start":{"line":72,"column":20},"end":{"line":75,"column":21}},"43":{"start":{"line":73,"column":24},"end":{"line":73,"column":35},"skip":true},"44":{"start":{"line":74,"column":24},"end":{"line":74,"column":45},"skip":true},"45":{"start":{"line":76,"column":20},"end":{"line":79,"column":23}},"46":{"start":{"line":77,"column":24},"end":{"line":77,"column":35}},"47":{"start":{"line":78,"column":24},"end":{"line":78,"column":44}},"48":{"start":{"line":85,"column":12},"end":{"line":94,"column":15}},"49":{"start":{"line":86,"column":16},"end":{"line":89,"column":17}},"50":{"start":{"line":87,"column":20},"end":{"line":87,"column":38}},"51":{"start":{"line":87,"column":27},"end":{"line":87,"column":38}},"52":{"start":{"line":88,"column":20},"end":{"line":88,"column":41}},"53":{"start":{"line":90,"column":16},"end":{"line":93,"column":19}},"54":{"start":{"line":91,"column":20},"end":{"line":91,"column":31}},"55":{"start":{"line":92,"column":20},"end":{"line":92,"column":42}},"56":{"start":{"line":98,"column":12},"end":{"line":107,"column":15}},"57":{"start":{"line":99,"column":16},"end":{"line":102,"column":17}},"58":{"start":{"line":100,"column":20},"end":{"line":100,"column":38}},"59":{"start":{"line":100,"column":27},"end":{"line":100,"column":38}},"60":{"start":{"line":101,"column":20},"end":{"line":101,"column":41}},"61":{"start":{"line":103,"column":16},"end":{"line":106,"column":19}},"62":{"start":{"line":104,"column":20},"end":{"line":104,"column":31}},"63":{"start":{"line":105,"column":20},"end":{"line":105,"column":42}},"64":{"start":{"line":111,"column":12},"end":{"line":120,"column":15}},"65":{"start":{"line":112,"column":16},"end":{"line":115,"column":17}},"66":{"start":{"line":113,"column":20},"end":{"line":113,"column":38}},"67":{"start":{"line":113,"column":27},"end":{"line":113,"column":38}},"68":{"start":{"line":114,"column":20},"end":{"line":114,"column":41}},"69":{"start":{"line":116,"column":16},"end":{"line":119,"column":19}},"70":{"start":{"line":117,"column":20},"end":{"line":117,"column":31}},"71":{"start":{"line":118,"column":20},"end":{"line":118,"column":42}}},"branchMap":{"1":{"line":16,"type":"if","locations":[{"start":{"line":16,"column":4},"end":{"line":16,"column":4}},{"start":{"line":16,"column":4},"end":{"line":16,"column":4},"skip":true}]},"2":{"line":17,"type":"if","locations":[{"start":{"line":17,"column":8},"end":{"line":17,"column":8}},{"start":{"line":17,"column":8},"end":{"line":17,"column":8}}]},"3":{"line":19,"type":"if","locations":[{"start":{"line":19,"column":68},"end":{"line":19,"column":68}},{"start":{"line":19,"column":68},"end":{"line":19,"column":68},"skip":true}]},"4":{"line":28,"type":"if","locations":[{"start":{"line":28,"column":12},"end":{"line":28,"column":12}},{"start":{"line":28,"column":12},"end":{"line":28,"column":12}}]},"5":{"line":40,"type":"if","locations":[{"start":{"line":40,"column":16},"end":{"line":40,"column":16}},{"start":{"line":40,"column":16},"end":{"line":40,"column":16}}]},"6":{"line":41,"type":"if","locations":[{"start":{"line":41,"column":20},"end":{"line":41,"column":20}},{"start":{"line":41,"column":20},"end":{"line":41,"column":20}}]},"7":{"line":53,"type":"if","locations":[{"start":{"line":53,"column":16},"end":{"line":53,"column":16}},{"start":{"line":53,"column":16},"end":{"line":53,"column":16}}]},"8":{"line":54,"type":"if","locations":[{"start":{"line":54,"column":20},"end":{"line":54,"column":20}},{"start":{"line":54,"column":20},"end":{"line":54,"column":20}}]},"9":{"line":66,"type":"if","locations":[{"start":{"line":66,"column":16},"end":{"line":66,"column":16}},{"start":{"line":66,"column":16},"end":{"line":66,"column":16}}]},"10":{"line":67,"type":"if","locations":[{"start":{"line":67,"column":20},"end":{"line":67,"column":20}},{"start":{"line":67,"column":20},"end":{"line":67,"column":20}}]},"11":{"line":72,"type":"if","locations":[{"start":{"line":72,"column":20},"end":{"line":72,"column":20},"skip":true},{"start":{"line":72,"column":20},"end":{"line":72,"column":20}}]},"12":{"line":86,"type":"if","locations":[{"start":{"line":86,"column":16},"end":{"line":86,"column":16}},{"start":{"line":86,"column":16},"end":{"line":86,"column":16}}]},"13":{"line":87,"type":"if","locations":[{"start":{"line":87,"column":20},"end":{"line":87,"column":20}},{"start":{"line":87,"column":20},"end":{"line":87,"column":20}}]},"14":{"line":99,"type":"if","locations":[{"start":{"line":99,"column":16},"end":{"line":99,"column":16}},{"start":{"line":99,"column":16},"end":{"line":99,"column":16}}]},"15":{"line":100,"type":"if","locations":[{"start":{"line":100,"column":20},"end":{"line":100,"column":20}},{"start":{"line":100,"column":20},"end":{"line":100,"column":20}}]},"16":{"line":112,"type":"if","locations":[{"start":{"line":112,"column":16},"end":{"line":112,"column":16}},{"start":{"line":112,"column":16},"end":{"line":112,"column":16}}]},"17":{"line":113,"type":"if","locations":[{"start":{"line":113,"column":20},"end":{"line":113,"column":20}},{"start":{"line":113,"column":20},"end":{"line":113,"column":20}}]}}},"/Users/RJ/Dropbox/IdeaProjects/granthapi-tdd/routes/books.js":{"path":"/Users/RJ/Dropbox/IdeaProjects/granthapi-tdd/routes/books.js","s":{"1":1,"2":1,"3":1,"4":1,"5":1,"6":1,"7":1,"8":1,"9":5,"10":8,"11":8,"12":8,"13":8,"14":64,"15":56,"16":8,"17":1,"18":1,"19":5,"20":1,"21":1,"22":1,"23":1,"24":1,"25":1,"26":8,"27":8,"28":5,"29":3,"30":3,"31":1,"32":2,"33":2,"34":2,"35":2,"36":0,"37":2,"38":2,"39":2,"40":1,"41":1,"42":1,"43":1,"44":1,"45":1,"46":0,"47":1,"48":0,"49":1,"50":1,"51":1,"52":1,"53":0,"54":1,"55":0,"56":1,"57":1,"58":1,"59":1,"60":3,"61":3,"62":3,"63":3,"64":0,"65":3,"66":1,"67":2,"68":2,"69":1,"70":1,"71":1,"72":7,"73":1,"74":1,"75":0,"76":1,"77":0,"78":1,"79":1,"80":1,"81":1,"82":1,"83":0,"84":1,"85":0,"86":1,"87":1},"b":{"1":[1,0],"2":[1,0],"3":[1,0],"4":[0,2],"5":[0,1],"6":[0,1],"7":[0,1],"8":[0,1],"9":[0,3],"10":[1,2],"11":[0,1],"12":[0,1],"13":[0,1],"14":[0,1]},"f":{"1":5,"2":8,"3":64,"4":56,"5":1,"6":5,"7":1,"8":8,"9":2,"10":2,"11":1,"12":1,"13":1,"14":3,"15":3,"16":1,"17":7,"18":1,"19":1,"20":1},"fnMap":{"1":{"name":"formatBooksArrayToResponseStructure","line":17,"loc":{"start":{"line":17,"column":0},"end":{"line":17,"column":53}}},"2":{"name":"(anonymous_2)","line":18,"loc":{"start":{"line":18,"column":22},"end":{"line":18,"column":41}}},"3":{"name":"(anonymous_3)","line":24,"loc":{"start":{"line":24,"column":41},"end":{"line":24,"column":56}}},"4":{"name":"(anonymous_4)","line":26,"loc":{"start":{"line":26,"column":19},"end":{"line":26,"column":34}}},"5":{"name":"cleanReqKeysToBookAndChapterKeys","line":34,"loc":{"start":{"line":34,"column":0},"end":{"line":34,"column":66}}},"6":{"name":"(anonymous_6)","line":35,"loc":{"start":{"line":35,"column":34},"end":{"line":35,"column":47}}},"7":{"name":"(anonymous_7)","line":43,"loc":{"start":{"line":43,"column":21},"end":{"line":43,"column":33}}},"8":{"name":"(anonymous_8)","line":48,"loc":{"start":{"line":48,"column":23},"end":{"line":48,"column":57}}},"9":{"name":"(anonymous_9)","line":59,"loc":{"start":{"line":59,"column":16},"end":{"line":59,"column":42}}},"10":{"name":"(anonymous_10)","line":69,"loc":{"start":{"line":69,"column":20},"end":{"line":69,"column":43}}},"11":{"name":"(anonymous_11)","line":79,"loc":{"start":{"line":79,"column":17},"end":{"line":79,"column":43}}},"12":{"name":"(anonymous_12)","line":99,"loc":{"start":{"line":99,"column":30},"end":{"line":99,"column":51}}},"13":{"name":"(anonymous_13)","line":107,"loc":{"start":{"line":107,"column":30},"end":{"line":107,"column":51}}},"14":{"name":"(anonymous_14)","line":122,"loc":{"start":{"line":122,"column":23},"end":{"line":122,"column":49}}},"15":{"name":"(anonymous_15)","line":133,"loc":{"start":{"line":133,"column":20},"end":{"line":133,"column":43}}},"16":{"name":"(anonymous_16)","line":143,"loc":{"start":{"line":143,"column":23},"end":{"line":143,"column":49}}},"17":{"name":"(anonymous_17)","line":152,"loc":{"start":{"line":152,"column":34},"end":{"line":152,"column":49}}},"18":{"name":"(anonymous_18)","line":155,"loc":{"start":{"line":155,"column":22},"end":{"line":155,"column":45}}},"19":{"name":"(anonymous_19)","line":165,"loc":{"start":{"line":165,"column":26},"end":{"line":165,"column":52}}},"20":{"name":"(anonymous_20)","line":173,"loc":{"start":{"line":173,"column":22},"end":{"line":173,"column":45}}}},"statementMap":{"1":{"start":{"line":8,"column":0},"end":{"line":8,"column":33}},"2":{"start":{"line":9,"column":0},"end":{"line":9,"column":32}},"3":{"start":{"line":10,"column":0},"end":{"line":10,"column":49}},"4":{"start":{"line":11,"column":0},"end":{"line":11,"column":35}},"5":{"start":{"line":12,"column":0},"end":{"line":12,"column":140}},"6":{"start":{"line":13,"column":0},"end":{"line":13,"column":43}},"7":{"start":{"line":15,"column":0},"end":{"line":15,"column":35}},"8":{"start":{"line":17,"column":0},"end":{"line":32,"column":1}},"9":{"start":{"line":18,"column":4},"end":{"line":31,"column":7}},"10":{"start":{"line":19,"column":8},"end":{"line":19,"column":25}},"11":{"start":{"line":21,"column":8},"end":{"line":21,"column":48}},"12":{"start":{"line":22,"column":8},"end":{"line":22,"column":85}},"13":{"start":{"line":24,"column":8},"end":{"line":28,"column":11}},"14":{"start":{"line":25,"column":12},"end":{"line":25,"column":53}},"15":{"start":{"line":27,"column":12},"end":{"line":27,"column":45}},"16":{"start":{"line":30,"column":8},"end":{"line":30,"column":23}},"17":{"start":{"line":34,"column":0},"end":{"line":46,"column":1}},"18":{"start":{"line":35,"column":4},"end":{"line":37,"column":7}},"19":{"start":{"line":36,"column":8},"end":{"line":36,"column":62}},"20":{"start":{"line":39,"column":4},"end":{"line":42,"column":5}},"21":{"start":{"line":40,"column":8},"end":{"line":40,"column":24}},"22":{"start":{"line":41,"column":8},"end":{"line":41,"column":49}},"23":{"start":{"line":43,"column":4},"end":{"line":45,"column":7}},"24":{"start":{"line":44,"column":8},"end":{"line":44,"column":48}},"25":{"start":{"line":48,"column":0},"end":{"line":56,"column":3}},"26":{"start":{"line":49,"column":4},"end":{"line":55,"column":5}},"27":{"start":{"line":50,"column":8},"end":{"line":50,"column":43}},"28":{"start":{"line":51,"column":8},"end":{"line":51,"column":15}},"29":{"start":{"line":53,"column":8},"end":{"line":53,"column":75}},"30":{"start":{"line":54,"column":8},"end":{"line":54,"column":29}},"31":{"start":{"line":59,"column":0},"end":{"line":76,"column":3}},"32":{"start":{"line":60,"column":4},"end":{"line":65,"column":6}},"33":{"start":{"line":66,"column":4},"end":{"line":68,"column":6}},"34":{"start":{"line":69,"column":4},"end":{"line":75,"column":7}},"35":{"start":{"line":71,"column":8},"end":{"line":71,"column":34}},"36":{"start":{"line":71,"column":17},"end":{"line":71,"column":34},"skip":true},"37":{"start":{"line":72,"column":8},"end":{"line":72,"column":92}},"38":{"start":{"line":73,"column":8},"end":{"line":73,"column":69}},"39":{"start":{"line":74,"column":8},"end":{"line":74,"column":27}},"40":{"start":{"line":79,"column":0},"end":{"line":119,"column":3}},"41":{"start":{"line":80,"column":4},"end":{"line":87,"column":5}},"42":{"start":{"line":88,"column":4},"end":{"line":95,"column":6}},"43":{"start":{"line":97,"column":4},"end":{"line":97,"column":94}},"44":{"start":{"line":99,"column":4},"end":{"line":118,"column":7}},"45":{"start":{"line":101,"column":8},"end":{"line":101,"column":33}},"46":{"start":{"line":101,"column":16},"end":{"line":101,"column":33},"skip":true},"47":{"start":{"line":103,"column":8},"end":{"line":103,"column":87}},"48":{"start":{"line":103,"column":39},"end":{"line":103,"column":87},"skip":true},"49":{"start":{"line":104,"column":8},"end":{"line":104,"column":78}},"50":{"start":{"line":105,"column":8},"end":{"line":105,"column":122}},"51":{"start":{"line":107,"column":8},"end":{"line":117,"column":11}},"52":{"start":{"line":109,"column":12},"end":{"line":109,"column":37}},"53":{"start":{"line":109,"column":20},"end":{"line":109,"column":37},"skip":true},"54":{"start":{"line":111,"column":12},"end":{"line":111,"column":91}},"55":{"start":{"line":111,"column":43},"end":{"line":111,"column":91},"skip":true},"56":{"start":{"line":113,"column":12},"end":{"line":113,"column":75}},"57":{"start":{"line":114,"column":12},"end":{"line":114,"column":150}},"58":{"start":{"line":116,"column":12},"end":{"line":116,"column":46}},"59":{"start":{"line":122,"column":0},"end":{"line":140,"column":3}},"60":{"start":{"line":123,"column":4},"end":{"line":129,"column":6}},"61":{"start":{"line":130,"column":4},"end":{"line":132,"column":6}},"62":{"start":{"line":133,"column":4},"end":{"line":139,"column":7}},"63":{"start":{"line":135,"column":8},"end":{"line":135,"column":34}},"64":{"start":{"line":135,"column":17},"end":{"line":135,"column":34},"skip":true},"65":{"start":{"line":136,"column":8},"end":{"line":136,"column":46}},"66":{"start":{"line":136,"column":32},"end":{"line":136,"column":46}},"67":{"start":{"line":137,"column":8},"end":{"line":137,"column":69}},"68":{"start":{"line":138,"column":8},"end":{"line":138,"column":27}},"69":{"start":{"line":143,"column":0},"end":{"line":162,"column":3}},"70":{"start":{"line":144,"column":4},"end":{"line":151,"column":6}},"71":{"start":{"line":152,"column":4},"end":{"line":154,"column":7}},"72":{"start":{"line":153,"column":8},"end":{"line":153,"column":53}},"73":{"start":{"line":155,"column":4},"end":{"line":161,"column":7}},"74":{"start":{"line":157,"column":8},"end":{"line":157,"column":34}},"75":{"start":{"line":157,"column":17},"end":{"line":157,"column":34},"skip":true},"76":{"start":{"line":159,"column":8},"end":{"line":159,"column":54}},"77":{"start":{"line":159,"column":40},"end":{"line":159,"column":54},"skip":true},"78":{"start":{"line":160,"column":8},"end":{"line":160,"column":30}},"79":{"start":{"line":165,"column":0},"end":{"line":180,"column":3}},"80":{"start":{"line":166,"column":4},"end":{"line":172,"column":6}},"81":{"start":{"line":173,"column":4},"end":{"line":179,"column":7}},"82":{"start":{"line":175,"column":8},"end":{"line":175,"column":34}},"83":{"start":{"line":175,"column":17},"end":{"line":175,"column":34},"skip":true},"84":{"start":{"line":177,"column":8},"end":{"line":177,"column":53}},"85":{"start":{"line":177,"column":39},"end":{"line":177,"column":53},"skip":true},"86":{"start":{"line":178,"column":8},"end":{"line":178,"column":30}},"87":{"start":{"line":182,"column":0},"end":{"line":182,"column":24}}},"branchMap":{"1":{"line":12,"type":"binary-expr","locations":[{"start":{"line":12,"column":50},"end":{"line":12,"column":70}},{"start":{"line":12,"column":128},"end":{"line":12,"column":138},"skip":true}]},"2":{"line":39,"type":"if","locations":[{"start":{"line":39,"column":4},"end":{"line":39,"column":4}},{"start":{"line":39,"column":4},"end":{"line":39,"column":4},"skip":true}]},"3":{"line":39,"type":"binary-expr","locations":[{"start":{"line":39,"column":7},"end":{"line":39,"column":16}},{"start":{"line":39,"column":47},"end":{"line":39,"column":63},"skip":true}]},"4":{"line":71,"type":"if","locations":[{"start":{"line":71,"column":8},"end":{"line":71,"column":8},"skip":true},{"start":{"line":71,"column":8},"end":{"line":71,"column":8}}]},"5":{"line":101,"type":"if","locations":[{"start":{"line":101,"column":8},"end":{"line":101,"column":8},"skip":true},{"start":{"line":101,"column":8},"end":{"line":101,"column":8}}]},"6":{"line":103,"type":"if","locations":[{"start":{"line":103,"column":8},"end":{"line":103,"column":8},"skip":true},{"start":{"line":103,"column":8},"end":{"line":103,"column":8}}]},"7":{"line":109,"type":"if","locations":[{"start":{"line":109,"column":12},"end":{"line":109,"column":12},"skip":true},{"start":{"line":109,"column":12},"end":{"line":109,"column":12}}]},"8":{"line":111,"type":"if","locations":[{"start":{"line":111,"column":12},"end":{"line":111,"column":12},"skip":true},{"start":{"line":111,"column":12},"end":{"line":111,"column":12}}]},"9":{"line":135,"type":"if","locations":[{"start":{"line":135,"column":8},"end":{"line":135,"column":8},"skip":true},{"start":{"line":135,"column":8},"end":{"line":135,"column":8}}]},"10":{"line":136,"type":"if","locations":[{"start":{"line":136,"column":8},"end":{"line":136,"column":8}},{"start":{"line":136,"column":8},"end":{"line":136,"column":8}}]},"11":{"line":157,"type":"if","locations":[{"start":{"line":157,"column":8},"end":{"line":157,"column":8},"skip":true},{"start":{"line":157,"column":8},"end":{"line":157,"column":8}}]},"12":{"line":159,"type":"if","locations":[{"start":{"line":159,"column":8},"end":{"line":159,"column":8},"skip":true},{"start":{"line":159,"column":8},"end":{"line":159,"column":8}}]},"13":{"line":175,"type":"if","locations":[{"start":{"line":175,"column":8},"end":{"line":175,"column":8},"skip":true},{"start":{"line":175,"column":8},"end":{"line":175,"column":8}}]},"14":{"line":177,"type":"if","locations":[{"start":{"line":177,"column":8},"end":{"line":177,"column":8},"skip":true},{"start":{"line":177,"column":8},"end":{"line":177,"column":8}}]}}},"/Users/RJ/Dropbox/IdeaProjects/granthapi-tdd/routes/chapters.js":{"path":"/Users/RJ/Dropbox/IdeaProjects/granthapi-tdd/routes/chapters.js","s":{"1":1,"2":1,"3":1,"4":1,"5":1,"6":1,"7":1,"8":15,"9":15,"10":14,"11":1,"12":15,"13":15,"14":15,"15":0,"16":15,"17":2,"18":13,"19":13,"20":13,"21":104,"22":91,"23":13,"24":13,"25":13,"26":1,"27":11,"28":5,"29":6,"30":1,"31":4,"32":4,"33":4,"34":4,"35":0,"36":4,"37":5,"38":5,"39":5,"40":4,"41":1,"42":3,"43":3,"44":3,"45":3,"46":0,"47":3,"48":3,"49":3,"50":3,"51":3,"52":1,"53":1,"54":1,"55":1,"56":1,"57":0,"58":1,"59":0,"60":1,"61":1,"62":2,"63":2,"64":1,"65":2,"66":2,"67":2,"68":2,"69":2,"70":0,"71":2,"72":0,"73":2,"74":2,"75":1,"76":2,"77":2,"78":2,"79":0,"80":2,"81":0,"82":2,"83":2,"84":0,"85":2,"86":0,"87":2,"88":1},"b":{"1":[1,0],"2":[0,15],"3":[2,13],"4":[5,6],"5":[11,9,9],"6":[0,4],"7":[0,3],"8":[0,1],"9":[0,1],"10":[1,1],"11":[0,2],"12":[0,2],"13":[1,1],"14":[0,2],"15":[0,2],"16":[0,2],"17":[0,2]},"f":{"1":15,"2":15,"3":15,"4":13,"5":104,"6":91,"7":11,"8":4,"9":4,"10":5,"11":3,"12":3,"13":3,"14":1,"15":1,"16":2,"17":2,"18":2,"19":2,"20":2},"fnMap":{"1":{"name":"(anonymous_1)","line":16,"loc":{"start":{"line":16,"column":11},"end":{"line":16,"column":37}}},"2":{"name":"(anonymous_2)","line":23,"loc":{"start":{"line":23,"column":3},"end":{"line":23,"column":29}}},"3":{"name":"(anonymous_3)","line":32,"loc":{"start":{"line":32,"column":24},"end":{"line":32,"column":47}}},"4":{"name":"(anonymous_4)","line":37,"loc":{"start":{"line":37,"column":31},"end":{"line":37,"column":50}}},"5":{"name":"(anonymous_5)","line":43,"loc":{"start":{"line":43,"column":45},"end":{"line":43,"column":60}}},"6":{"name":"(anonymous_6)","line":45,"loc":{"start":{"line":45,"column":23},"end":{"line":45,"column":38}}},"7":{"name":"(anonymous_7)","line":57,"loc":{"start":{"line":57,"column":29},"end":{"line":57,"column":55}}},"8":{"name":"(anonymous_8)","line":63,"loc":{"start":{"line":63,"column":16},"end":{"line":63,"column":42}}},"9":{"name":"(anonymous_9)","line":74,"loc":{"start":{"line":74,"column":28},"end":{"line":74,"column":51}}},"10":{"name":"(anonymous_10)","line":77,"loc":{"start":{"line":77,"column":40},"end":{"line":77,"column":66}}},"11":{"name":"(anonymous_11)","line":87,"loc":{"start":{"line":87,"column":29},"end":{"line":87,"column":55}}},"12":{"name":"(anonymous_12)","line":103,"loc":{"start":{"line":103,"column":31},"end":{"line":103,"column":54}}},"13":{"name":"(anonymous_13)","line":106,"loc":{"start":{"line":106,"column":40},"end":{"line":106,"column":59}}},"14":{"name":"(anonymous_14)","line":116,"loc":{"start":{"line":116,"column":29},"end":{"line":116,"column":55}}},"15":{"name":"(anonymous_15)","line":126,"loc":{"start":{"line":126,"column":30},"end":{"line":126,"column":53}}},"16":{"name":"(anonymous_16)","line":136,"loc":{"start":{"line":136,"column":32},"end":{"line":136,"column":58}}},"17":{"name":"(anonymous_17)","line":141,"loc":{"start":{"line":141,"column":4},"end":{"line":141,"column":30}}},"18":{"name":"(anonymous_18)","line":159,"loc":{"start":{"line":159,"column":32},"end":{"line":159,"column":57}}},"19":{"name":"(anonymous_19)","line":171,"loc":{"start":{"line":171,"column":34},"end":{"line":171,"column":57}}},"20":{"name":"(anonymous_20)","line":177,"loc":{"start":{"line":177,"column":42},"end":{"line":177,"column":65}}}},"statementMap":{"1":{"start":{"line":8,"column":0},"end":{"line":8,"column":33}},"2":{"start":{"line":9,"column":0},"end":{"line":9,"column":49}},"3":{"start":{"line":10,"column":0},"end":{"line":10,"column":35}},"4":{"start":{"line":11,"column":0},"end":{"line":11,"column":140}},"5":{"start":{"line":12,"column":0},"end":{"line":12,"column":43}},"6":{"start":{"line":14,"column":0},"end":{"line":14,"column":35}},"7":{"start":{"line":16,"column":0},"end":{"line":55,"column":3}},"8":{"start":{"line":17,"column":4},"end":{"line":22,"column":5}},"9":{"start":{"line":18,"column":8},"end":{"line":18,"column":54}},"10":{"start":{"line":19,"column":8},"end":{"line":19,"column":15}},"11":{"start":{"line":21,"column":8},"end":{"line":21,"column":29}},"12":{"start":{"line":24,"column":4},"end":{"line":30,"column":6}},"13":{"start":{"line":32,"column":4},"end":{"line":54,"column":7}},"14":{"start":{"line":34,"column":8},"end":{"line":34,"column":34}},"15":{"start":{"line":34,"column":17},"end":{"line":34,"column":34},"skip":true},"16":{"start":{"line":35,"column":8},"end":{"line":35,"column":54}},"17":{"start":{"line":35,"column":33},"end":{"line":35,"column":54}},"18":{"start":{"line":37,"column":8},"end":{"line":50,"column":11}},"19":{"start":{"line":38,"column":12},"end":{"line":41,"column":14}},"20":{"start":{"line":43,"column":12},"end":{"line":47,"column":15}},"21":{"start":{"line":44,"column":16},"end":{"line":44,"column":57}},"22":{"start":{"line":46,"column":16},"end":{"line":46,"column":49}},"23":{"start":{"line":49,"column":12},"end":{"line":49,"column":27}},"24":{"start":{"line":52,"column":8},"end":{"line":52,"column":63}},"25":{"start":{"line":53,"column":8},"end":{"line":53,"column":15}},"26":{"start":{"line":57,"column":0},"end":{"line":60,"column":3}},"27":{"start":{"line":58,"column":4},"end":{"line":58,"column":115}},"28":{"start":{"line":58,"column":94},"end":{"line":58,"column":115}},"29":{"start":{"line":59,"column":4},"end":{"line":59,"column":11}},"30":{"start":{"line":63,"column":0},"end":{"line":84,"column":3}},"31":{"start":{"line":64,"column":4},"end":{"line":69,"column":6}},"32":{"start":{"line":70,"column":4},"end":{"line":72,"column":6}},"33":{"start":{"line":74,"column":4},"end":{"line":83,"column":7}},"34":{"start":{"line":76,"column":8},"end":{"line":76,"column":34}},"35":{"start":{"line":76,"column":17},"end":{"line":76,"column":34},"skip":true},"36":{"start":{"line":77,"column":8},"end":{"line":81,"column":11}},"37":{"start":{"line":78,"column":12},"end":{"line":78,"column":65}},"38":{"start":{"line":79,"column":12},"end":{"line":79,"column":48}},"39":{"start":{"line":80,"column":12},"end":{"line":80,"column":56}},"40":{"start":{"line":82,"column":8},"end":{"line":82,"column":27}},"41":{"start":{"line":87,"column":0},"end":{"line":113,"column":3}},"42":{"start":{"line":88,"column":4},"end":{"line":98,"column":6}},"43":{"start":{"line":99,"column":4},"end":{"line":101,"column":6}},"44":{"start":{"line":103,"column":4},"end":{"line":112,"column":7}},"45":{"start":{"line":105,"column":8},"end":{"line":105,"column":34}},"46":{"start":{"line":105,"column":17},"end":{"line":105,"column":34},"skip":true},"47":{"start":{"line":106,"column":8},"end":{"line":110,"column":11}},"48":{"start":{"line":107,"column":12},"end":{"line":107,"column":65}},"49":{"start":{"line":108,"column":12},"end":{"line":108,"column":62}},"50":{"start":{"line":109,"column":12},"end":{"line":109,"column":56}},"51":{"start":{"line":111,"column":8},"end":{"line":111,"column":27}},"52":{"start":{"line":116,"column":0},"end":{"line":133,"column":3}},"53":{"start":{"line":117,"column":4},"end":{"line":123,"column":6}},"54":{"start":{"line":124,"column":4},"end":{"line":124,"column":102}},"55":{"start":{"line":126,"column":4},"end":{"line":132,"column":7}},"56":{"start":{"line":128,"column":8},"end":{"line":128,"column":34}},"57":{"start":{"line":128,"column":17},"end":{"line":128,"column":34},"skip":true},"58":{"start":{"line":130,"column":8},"end":{"line":130,"column":54}},"59":{"start":{"line":130,"column":40},"end":{"line":130,"column":54},"skip":true},"60":{"start":{"line":131,"column":8},"end":{"line":131,"column":30}},"61":{"start":{"line":136,"column":0},"end":{"line":186,"column":7}},"62":{"start":{"line":137,"column":8},"end":{"line":137,"column":64}},"63":{"start":{"line":138,"column":8},"end":{"line":138,"column":67}},"64":{"start":{"line":138,"column":43},"end":{"line":138,"column":67}},"65":{"start":{"line":139,"column":8},"end":{"line":139,"column":15}},"66":{"start":{"line":142,"column":8},"end":{"line":151,"column":10}},"67":{"start":{"line":152,"column":8},"end":{"line":157,"column":10}},"68":{"start":{"line":159,"column":8},"end":{"line":185,"column":11}},"69":{"start":{"line":161,"column":12},"end":{"line":161,"column":38}},"70":{"start":{"line":161,"column":21},"end":{"line":161,"column":38},"skip":true},"71":{"start":{"line":163,"column":12},"end":{"line":163,"column":53}},"72":{"start":{"line":163,"column":39},"end":{"line":163,"column":53},"skip":true},"73":{"start":{"line":164,"column":12},"end":{"line":164,"column":77}},"74":{"start":{"line":165,"column":12},"end":{"line":165,"column":101}},"75":{"start":{"line":165,"column":56},"end":{"line":165,"column":101}},"76":{"start":{"line":167,"column":12},"end":{"line":169,"column":13}},"77":{"start":{"line":171,"column":12},"end":{"line":184,"column":15}},"78":{"start":{"line":173,"column":16},"end":{"line":173,"column":42}},"79":{"start":{"line":173,"column":25},"end":{"line":173,"column":42},"skip":true},"80":{"start":{"line":175,"column":16},"end":{"line":175,"column":103}},"81":{"start":{"line":175,"column":48},"end":{"line":175,"column":103},"skip":true},"82":{"start":{"line":177,"column":16},"end":{"line":183,"column":19}},"83":{"start":{"line":179,"column":20},"end":{"line":179,"column":46}},"84":{"start":{"line":179,"column":29},"end":{"line":179,"column":46},"skip":true},"85":{"start":{"line":181,"column":20},"end":{"line":181,"column":107}},"86":{"start":{"line":181,"column":52},"end":{"line":181,"column":107},"skip":true},"87":{"start":{"line":182,"column":20},"end":{"line":182,"column":42}},"88":{"start":{"line":188,"column":0},"end":{"line":188,"column":24}}},"branchMap":{"1":{"line":11,"type":"binary-expr","locations":[{"start":{"line":11,"column":50},"end":{"line":11,"column":70}},{"start":{"line":11,"column":128},"end":{"line":11,"column":138},"skip":true}]},"2":{"line":34,"type":"if","locations":[{"start":{"line":34,"column":8},"end":{"line":34,"column":8},"skip":true},{"start":{"line":34,"column":8},"end":{"line":34,"column":8}}]},"3":{"line":35,"type":"if","locations":[{"start":{"line":35,"column":8},"end":{"line":35,"column":8}},{"start":{"line":35,"column":8},"end":{"line":35,"column":8}}]},"4":{"line":58,"type":"if","locations":[{"start":{"line":58,"column":4},"end":{"line":58,"column":4}},{"start":{"line":58,"column":4},"end":{"line":58,"column":4}}]},"5":{"line":58,"type":"binary-expr","locations":[{"start":{"line":58,"column":8},"end":{"line":58,"column":18}},{"start":{"line":58,"column":22},"end":{"line":58,"column":39}},{"start":{"line":58,"column":43},"end":{"line":58,"column":92}}]},"6":{"line":76,"type":"if","locations":[{"start":{"line":76,"column":8},"end":{"line":76,"column":8},"skip":true},{"start":{"line":76,"column":8},"end":{"line":76,"column":8}}]},"7":{"line":105,"type":"if","locations":[{"start":{"line":105,"column":8},"end":{"line":105,"column":8},"skip":true},{"start":{"line":105,"column":8},"end":{"line":105,"column":8}}]},"8":{"line":128,"type":"if","locations":[{"start":{"line":128,"column":8},"end":{"line":128,"column":8},"skip":true},{"start":{"line":128,"column":8},"end":{"line":128,"column":8}}]},"9":{"line":130,"type":"if","locations":[{"start":{"line":130,"column":8},"end":{"line":130,"column":8},"skip":true},{"start":{"line":130,"column":8},"end":{"line":130,"column":8}}]},"10":{"line":138,"type":"if","locations":[{"start":{"line":138,"column":8},"end":{"line":138,"column":8}},{"start":{"line":138,"column":8},"end":{"line":138,"column":8}}]},"11":{"line":161,"type":"if","locations":[{"start":{"line":161,"column":12},"end":{"line":161,"column":12},"skip":true},{"start":{"line":161,"column":12},"end":{"line":161,"column":12}}]},"12":{"line":163,"type":"if","locations":[{"start":{"line":163,"column":12},"end":{"line":163,"column":12},"skip":true},{"start":{"line":163,"column":12},"end":{"line":163,"column":12}}]},"13":{"line":165,"type":"if","locations":[{"start":{"line":165,"column":12},"end":{"line":165,"column":12}},{"start":{"line":165,"column":12},"end":{"line":165,"column":12}}]},"14":{"line":173,"type":"if","locations":[{"start":{"line":173,"column":16},"end":{"line":173,"column":16},"skip":true},{"start":{"line":173,"column":16},"end":{"line":173,"column":16}}]},"15":{"line":175,"type":"if","locations":[{"start":{"line":175,"column":16},"end":{"line":175,"column":16},"skip":true},{"start":{"line":175,"column":16},"end":{"line":175,"column":16}}]},"16":{"line":179,"type":"if","locations":[{"start":{"line":179,"column":20},"end":{"line":179,"column":20},"skip":true},{"start":{"line":179,"column":20},"end":{"line":179,"column":20}}]},"17":{"line":181,"type":"if","locations":[{"start":{"line":181,"column":20},"end":{"line":181,"column":20},"skip":true},{"start":{"line":181,"column":20},"end":{"line":181,"column":20}}]}}}}