TN:
SF:/Users/RJ/Dropbox/IdeaProjects/granthapi-tdd/lib/Configurer.js
FN:7,Configurer
FN:16,createMongoDbUrl
FN:28,(anonymous_3)
FN:40,(anonymous_4)
FN:53,(anonymous_5)
FNF:5
FNH:5
FNDA:7,Configurer
FNDA:58,createMongoDbUrl
FNDA:27,(anonymous_3)
FNDA:25,(anonymous_4)
FNDA:8,(anonymous_5)
DA:1,1
DA:7,1
DA:8,7
DA:16,1
DA:17,58
DA:18,58
DA:19,8
DA:21,58
DA:22,58
DA:24,58
DA:27,7
DA:29,27
DA:36,27
DA:37,27
DA:41,25
DA:42,24
DA:49,24
DA:50,24
DA:54,8
DA:61,8
DA:62,8
LF:21
LH:21
BRDA:18,1,0,8
BRDA:18,1,1,50
BRDA:18,2,0,58
BRDA:18,2,1,8
BRDA:22,3,0,22
BRDA:22,3,1,36
BRDA:30,4,0,27
BRDA:30,4,1,27
BRDA:31,5,0,27
BRDA:31,5,1,27
BRDA:32,6,0,27
BRDA:32,6,1,27
BRDA:33,7,0,27
BRDA:33,7,1,27
BRDA:34,8,0,27
BRDA:34,8,1,27
BRDA:36,9,0,27
BRDA:36,9,1,26
BRDA:43,10,0,24
BRDA:43,10,1,1
BRDA:44,11,0,24
BRDA:44,11,1,1
BRDA:45,12,0,24
BRDA:45,12,1,17
BRDA:46,13,0,24
BRDA:46,13,1,17
BRDA:47,14,0,24
BRDA:47,14,1,9
BRDA:49,15,0,24
BRDA:49,15,1,24
BRDA:55,16,0,8
BRDA:55,16,1,1
BRDA:56,17,0,8
BRDA:56,17,1,1
BRDA:57,18,0,8
BRDA:57,18,1,7
BRDA:58,19,0,8
BRDA:58,19,1,7
BRDA:59,20,0,8
BRDA:59,20,1,1
BRDA:61,21,0,8
BRDA:61,21,1,8
BRF:42
BRH:42
end_of_record
TN:
SF:/Users/RJ/Dropbox/IdeaProjects/granthapi-tdd/app.js
FN:44,(anonymous_1)
FN:59,(anonymous_2)
FN:66,(anonymous_3)
FN:78,(anonymous_4)
FN:86,(anonymous_5)
FNF:5
FNH:2
FNDA:11,(anonymous_1)
FNDA:0,(anonymous_2)
FNDA:11,(anonymous_3)
FNDA:0,(anonymous_4)
FNDA:0,(anonymous_5)
DA:7,1
DA:8,1
DA:10,1
DA:11,1
DA:12,1
DA:13,1
DA:15,1
DA:16,1
DA:17,1
DA:19,1
DA:22,1
DA:23,1
DA:27,1
DA:33,1
DA:34,1
DA:35,1
DA:36,1
DA:37,1
DA:39,1
DA:40,1
DA:41,1
DA:44,1
DA:45,11
DA:46,11
DA:47,11
DA:50,1
DA:58,1
DA:59,1
DA:60,0
DA:61,0
DA:66,1
DA:67,11
DA:68,11
DA:78,1
DA:79,0
DA:80,0
DA:86,1
DA:87,0
DA:88,0
DA:94,1
LF:40
LH:34
BRDA:58,1,0,1
BRDA:58,1,1,0
BRDA:58,2,0,1
BRDA:58,2,1,1
BRDA:60,3,0,0
BRDA:60,3,1,0
BRDA:67,4,0,11
BRDA:67,4,1,0
BRDA:79,5,0,0
BRDA:79,5,1,0
BRDA:87,6,0,0
BRDA:87,6,1,0
BRF:12
BRH:5
end_of_record
TN:
SF:/Users/RJ/Dropbox/IdeaProjects/granthapi-tdd/lib/log.js
FNF:0
FNH:0
DA:7,1
DA:8,1
DA:14,1
DA:15,0
DA:16,0
DA:18,1
LF:6
LH:4
BRDA:14,1,0,0
BRDA:14,1,1,1
BRDA:14,2,0,1
BRDA:14,2,1,1
BRF:4
BRH:3
end_of_record
TN:
SF:/Users/RJ/Dropbox/IdeaProjects/granthapi-tdd/routes/religions.js
FN:13,(anonymous_1)
FN:21,(anonymous_2)
FN:24,(anonymous_3)
FN:32,(anonymous_4)
FN:42,(anonymous_5)
FN:52,(anonymous_6)
FN:59,(anonymous_7)
FNF:7
FNH:7
FNDA:3,(anonymous_1)
FNDA:3,(anonymous_2)
FNDA:5,(anonymous_3)
FNDA:2,(anonymous_4)
FNDA:2,(anonymous_5)
FNDA:2,(anonymous_6)
FNDA:2,(anonymous_7)
DA:7,1
DA:8,1
DA:9,1
DA:10,1
DA:13,1
DA:14,3
DA:18,3
DA:21,3
DA:23,3
DA:24,3
DA:25,5
DA:27,3
DA:32,1
DA:33,2
DA:42,2
DA:44,2
DA:46,2
DA:47,1
DA:52,1
DA:53,2
DA:59,2
DA:61,2
DA:63,2
DA:64,1
DA:67,1
LF:25
LH:25
BRDA:10,1,0,1
BRDA:10,1,1,0
BRDA:23,2,0,0
BRDA:23,2,1,3
BRDA:44,3,0,0
BRDA:44,3,1,2
BRDA:46,4,0,1
BRDA:46,4,1,1
BRDA:61,5,0,0
BRDA:61,5,1,2
BRDA:63,6,0,1
BRDA:63,6,1,1
BRF:12
BRH:12
end_of_record
TN:
SF:/Users/RJ/Dropbox/IdeaProjects/granthapi-tdd/lib/Db.js
FN:11,Db
FN:26,connectMongo
FN:27,(anonymous_3)
FN:30,(anonymous_4)
FN:38,(anonymous_5)
FN:39,(anonymous_6)
FN:44,(anonymous_7)
FN:51,(anonymous_8)
FN:52,(anonymous_9)
FN:57,(anonymous_10)
FN:64,(anonymous_11)
FN:65,(anonymous_12)
FN:70,(anonymous_13)
FN:76,(anonymous_14)
FN:84,(anonymous_15)
FN:85,(anonymous_16)
FN:90,(anonymous_17)
FN:97,(anonymous_18)
FN:98,(anonymous_19)
FN:103,(anonymous_20)
FN:110,(anonymous_21)
FN:111,(anonymous_22)
FN:116,(anonymous_23)
FNF:23
FNH:23
FNDA:24,Db
FNDA:74,connectMongo
FNDA:74,(anonymous_3)
FNDA:68,(anonymous_4)
FNDA:7,(anonymous_5)
FNDA:7,(anonymous_6)
FNDA:5,(anonymous_7)
FNDA:37,(anonymous_8)
FNDA:37,(anonymous_9)
FNDA:35,(anonymous_10)
FNDA:6,(anonymous_11)
FNDA:6,(anonymous_12)
FNDA:4,(anonymous_13)
FNDA:4,(anonymous_14)
FNDA:7,(anonymous_15)
FNDA:7,(anonymous_16)
FNDA:5,(anonymous_17)
FNDA:11,(anonymous_18)
FNDA:11,(anonymous_19)
FNDA:9,(anonymous_20)
FNDA:6,(anonymous_21)
FNDA:6,(anonymous_22)
FNDA:4,(anonymous_23)
DA:7,1
DA:8,1
DA:9,1
DA:11,1
DA:12,24
DA:13,24
DA:16,24
DA:17,24
DA:18,21
DA:19,3
DA:20,3
DA:23,24
DA:26,1
DA:27,74
DA:28,74
DA:30,68
DA:31,68
DA:37,24
DA:39,7
DA:40,7
DA:41,2
DA:42,2
DA:44,5
DA:45,5
DA:46,5
DA:52,37
DA:53,37
DA:54,2
DA:55,2
DA:57,35
DA:58,35
DA:59,35
DA:65,6
DA:66,6
DA:67,2
DA:68,2
DA:70,4
DA:72,4
DA:73,1
DA:74,1
DA:76,4
DA:77,4
DA:78,4
DA:85,7
DA:86,7
DA:87,2
DA:88,2
DA:90,5
DA:91,5
DA:92,5
DA:98,11
DA:99,11
DA:100,2
DA:101,2
DA:103,9
DA:104,9
DA:105,9
DA:111,6
DA:112,6
DA:113,2
DA:114,2
DA:116,4
DA:117,4
DA:118,4
LF:64
LH:64
BRDA:16,1,0,24
BRDA:16,1,1,0
BRDA:17,2,0,21
BRDA:17,2,1,3
BRDA:19,3,0,3
BRDA:19,3,1,0
BRDA:28,4,0,6
BRDA:28,4,1,68
BRDA:40,5,0,2
BRDA:40,5,1,5
BRDA:41,6,0,1
BRDA:41,6,1,1
BRDA:53,7,0,2
BRDA:53,7,1,35
BRDA:54,8,0,1
BRDA:54,8,1,1
BRDA:66,9,0,2
BRDA:66,9,1,4
BRDA:67,10,0,1
BRDA:67,10,1,1
BRDA:72,11,0,0
BRDA:72,11,1,4
BRDA:86,12,0,2
BRDA:86,12,1,5
BRDA:87,13,0,1
BRDA:87,13,1,1
BRDA:99,14,0,2
BRDA:99,14,1,9
BRDA:100,15,0,1
BRDA:100,15,1,1
BRDA:112,16,0,2
BRDA:112,16,1,4
BRDA:113,17,0,1
BRDA:113,17,1,1
BRF:34
BRH:34
end_of_record
TN:
SF:/Users/RJ/Dropbox/IdeaProjects/granthapi-tdd/routes/books.js
FN:17,formatBooksArrayToResponseStructure
FN:18,(anonymous_2)
FN:24,(anonymous_3)
FN:26,(anonymous_4)
FN:34,cleanReqKeysToBookAndChapterKeys
FN:35,(anonymous_6)
FN:43,(anonymous_7)
FN:48,(anonymous_8)
FN:59,(anonymous_9)
FN:69,(anonymous_10)
FN:79,(anonymous_11)
FN:99,(anonymous_12)
FN:107,(anonymous_13)
FN:122,(anonymous_14)
FN:133,(anonymous_15)
FN:143,(anonymous_16)
FN:152,(anonymous_17)
FN:155,(anonymous_18)
FN:165,(anonymous_19)
FN:173,(anonymous_20)
FNF:20
FNH:20
FNDA:5,formatBooksArrayToResponseStructure
FNDA:8,(anonymous_2)
FNDA:64,(anonymous_3)
FNDA:56,(anonymous_4)
FNDA:1,cleanReqKeysToBookAndChapterKeys
FNDA:5,(anonymous_6)
FNDA:1,(anonymous_7)
FNDA:8,(anonymous_8)
FNDA:2,(anonymous_9)
FNDA:2,(anonymous_10)
FNDA:1,(anonymous_11)
FNDA:1,(anonymous_12)
FNDA:1,(anonymous_13)
FNDA:3,(anonymous_14)
FNDA:3,(anonymous_15)
FNDA:1,(anonymous_16)
FNDA:7,(anonymous_17)
FNDA:1,(anonymous_18)
FNDA:1,(anonymous_19)
FNDA:1,(anonymous_20)
DA:8,1
DA:9,1
DA:10,1
DA:11,1
DA:12,1
DA:13,1
DA:15,1
DA:17,1
DA:18,5
DA:19,8
DA:21,8
DA:22,8
DA:24,8
DA:25,64
DA:27,56
DA:30,8
DA:34,1
DA:35,1
DA:36,5
DA:39,1
DA:40,1
DA:41,1
DA:43,1
DA:44,1
DA:48,1
DA:49,8
DA:50,8
DA:51,5
DA:53,3
DA:54,3
DA:59,1
DA:60,2
DA:66,2
DA:69,2
DA:71,2
DA:72,2
DA:73,2
DA:74,2
DA:79,1
DA:80,1
DA:88,1
DA:97,1
DA:99,1
DA:101,1
DA:103,1
DA:104,1
DA:105,1
DA:107,1
DA:109,1
DA:111,1
DA:113,1
DA:114,1
DA:116,1
DA:122,1
DA:123,3
DA:130,3
DA:133,3
DA:135,3
DA:136,3
DA:137,2
DA:138,2
DA:143,1
DA:144,1
DA:152,1
DA:153,7
DA:155,1
DA:157,1
DA:159,1
DA:160,1
DA:165,1
DA:166,1
DA:173,1
DA:175,1
DA:177,1
DA:178,1
DA:182,1
LF:76
LH:76
BRDA:12,1,0,1
BRDA:12,1,1,0
BRDA:39,2,0,1
BRDA:39,2,1,0
BRDA:39,3,0,1
BRDA:39,3,1,0
BRDA:71,4,0,0
BRDA:71,4,1,2
BRDA:101,5,0,0
BRDA:101,5,1,1
BRDA:103,6,0,0
BRDA:103,6,1,1
BRDA:109,7,0,0
BRDA:109,7,1,1
BRDA:111,8,0,0
BRDA:111,8,1,1
BRDA:135,9,0,0
BRDA:135,9,1,3
BRDA:136,10,0,1
BRDA:136,10,1,2
BRDA:157,11,0,0
BRDA:157,11,1,1
BRDA:159,12,0,0
BRDA:159,12,1,1
BRDA:175,13,0,0
BRDA:175,13,1,1
BRDA:177,14,0,0
BRDA:177,14,1,1
BRF:28
BRH:28
end_of_record
TN:
SF:/Users/RJ/Dropbox/IdeaProjects/granthapi-tdd/routes/chapters.js
FN:16,(anonymous_1)
FN:23,(anonymous_2)
FN:32,(anonymous_3)
FN:37,(anonymous_4)
FN:43,(anonymous_5)
FN:45,(anonymous_6)
FN:57,(anonymous_7)
FN:63,(anonymous_8)
FN:74,(anonymous_9)
FN:77,(anonymous_10)
FN:87,(anonymous_11)
FN:103,(anonymous_12)
FN:106,(anonymous_13)
FN:116,(anonymous_14)
FN:126,(anonymous_15)
FN:136,(anonymous_16)
FN:141,(anonymous_17)
FN:159,(anonymous_18)
FN:171,(anonymous_19)
FN:177,(anonymous_20)
FNF:20
FNH:20
FNDA:15,(anonymous_1)
FNDA:15,(anonymous_2)
FNDA:15,(anonymous_3)
FNDA:13,(anonymous_4)
FNDA:104,(anonymous_5)
FNDA:91,(anonymous_6)
FNDA:11,(anonymous_7)
FNDA:4,(anonymous_8)
FNDA:4,(anonymous_9)
FNDA:5,(anonymous_10)
FNDA:3,(anonymous_11)
FNDA:3,(anonymous_12)
FNDA:3,(anonymous_13)
FNDA:1,(anonymous_14)
FNDA:1,(anonymous_15)
FNDA:2,(anonymous_16)
FNDA:2,(anonymous_17)
FNDA:2,(anonymous_18)
FNDA:2,(anonymous_19)
FNDA:2,(anonymous_20)
DA:8,1
DA:9,1
DA:10,1
DA:11,1
DA:12,1
DA:14,1
DA:16,1
DA:17,15
DA:18,15
DA:19,14
DA:21,1
DA:24,15
DA:32,15
DA:34,15
DA:35,15
DA:37,13
DA:38,13
DA:43,13
DA:44,104
DA:46,91
DA:49,13
DA:52,13
DA:53,13
DA:57,1
DA:58,11
DA:59,6
DA:63,1
DA:64,4
DA:70,4
DA:74,4
DA:76,4
DA:77,4
DA:78,5
DA:79,5
DA:80,5
DA:82,4
DA:87,1
DA:88,3
DA:99,3
DA:103,3
DA:105,3
DA:106,3
DA:107,3
DA:108,3
DA:109,3
DA:111,3
DA:116,1
DA:117,1
DA:124,1
DA:126,1
DA:128,1
DA:130,1
DA:131,1
DA:136,1
DA:137,2
DA:138,2
DA:139,2
DA:142,2
DA:152,2
DA:159,2
DA:161,2
DA:163,2
DA:164,2
DA:165,2
DA:167,2
DA:171,2
DA:173,2
DA:175,2
DA:177,2
DA:179,2
DA:181,2
DA:182,2
DA:188,1
LF:73
LH:73
BRDA:11,1,0,1
BRDA:11,1,1,0
BRDA:34,2,0,0
BRDA:34,2,1,15
BRDA:35,3,0,2
BRDA:35,3,1,13
BRDA:58,4,0,5
BRDA:58,4,1,6
BRDA:58,5,0,11
BRDA:58,5,1,9
BRDA:58,5,2,9
BRDA:76,6,0,0
BRDA:76,6,1,4
BRDA:105,7,0,0
BRDA:105,7,1,3
BRDA:128,8,0,0
BRDA:128,8,1,1
BRDA:130,9,0,0
BRDA:130,9,1,1
BRDA:138,10,0,1
BRDA:138,10,1,1
BRDA:161,11,0,0
BRDA:161,11,1,2
BRDA:163,12,0,0
BRDA:163,12,1,2
BRDA:165,13,0,1
BRDA:165,13,1,1
BRDA:173,14,0,0
BRDA:173,14,1,2
BRDA:175,15,0,0
BRDA:175,15,1,2
BRDA:179,16,0,0
BRDA:179,16,1,2
BRDA:181,17,0,0
BRDA:181,17,1,2
BRF:35
BRH:35
end_of_record
